<?xml version="1.0" encoding="UTF-8"?>
<!-- Generated by org.testng.reporters.JUnitXMLReporter -->
<testsuite ignored="9" hostname="INDLPTC722KS3x" failures="0" tests="2" name="Login and Add New Role" time="21.054" errors="0" timestamp="2025-01-21T15:26:06 IST">
  <testcase classname="everailabs.EverAIDashboard.LoginValidation" name="tc_003_login" time="1.928"/>
  <testcase classname="everailabs.EverAIDashboard.UserManagementRoleTest" name="tc_007_VerifyErrorForEditingRoleWithExistingRoleName" time="12.714"/>
  <testcase classname="everailabs.ReferenceClasses.BasicInitialization" name="@AfterSuite closeBrowser" time="0.0">
    <ignored/>
  </testcase> <!-- @AfterSuite closeBrowser -->
  <testcase classname="everailabs.EverAIDashboard.UserManagementRoleTest" name="tc_005_VerifyErroronExistingRole" time="0.0">
    <ignored/>
  </testcase> <!-- tc_005_VerifyErroronExistingRole -->
  <testcase classname="everailabs.EverAIDashboard.UserManagementRoleTest" name="tc_001_verifyColumnsELements" time="0.0">
    <ignored/>
  </testcase> <!-- tc_001_verifyColumnsELements -->
  <testcase classname="everailabs.EverAIDashboard.UserManagementRoleTest" name="tc_002_verifySearchWithRoleName" time="0.0">
    <ignored/>
  </testcase> <!-- tc_002_verifySearchWithRoleName -->
  <testcase classname="everailabs.EverAIDashboard.LoginValidation" name="tc_001_VerifyLoginPageElements" time="0.0">
    <ignored/>
  </testcase> <!-- tc_001_VerifyLoginPageElements -->
  <testcase classname="everailabs.EverAIDashboard.UserManagementRoleTest" name="tc_003_verifyAddRoleFormElements" time="0.0">
    <ignored/>
  </testcase> <!-- tc_003_verifyAddRoleFormElements -->
  <testcase classname="everailabs.EverAIDashboard.UserManagementRoleTest" name="tc_006_VerifyEditRole" time="0.0">
    <ignored/>
  </testcase> <!-- tc_006_VerifyEditRole -->
  <testcase classname="everailabs.EverAIDashboard.UserManagementRoleTest" name="tc_004_verifyAddNewRole" time="0.0">
    <ignored/>
  </testcase> <!-- tc_004_verifyAddNewRole -->
  <testcase classname="everailabs.EverAIDashboard.LoginValidation" name="tc_002_verifyloginWithValidCreds" time="0.0">
    <ignored/>
  </testcase> <!-- tc_002_verifyloginWithValidCreds -->
</testsuite> <!-- Login and Add New Role -->
