<?xml version="1.0" encoding="UTF-8"?>
<!-- Generated by org.testng.reporters.JUnitXMLReporter -->
<testsuite ignored="7" hostname="INDLPTC722KS3x" failures="0" tests="7" name="Login and Add New Role" time="70.697" errors="0" timestamp="2025-01-20T17:54:51 IST">
  <testcase classname="everailabs.EverAIDashboard.LoginValidation" name="tc_003_login" time="1.652"/>
  <testcase classname="everailabs.EverAIDashboard.UserManagementRoleTest" name="verifySearch" time="12.292"/>
  <testcase classname="everailabs.EverAIDashboard.UserManagementRoleTest" name="verifySearch" time="10.463"/>
  <testcase classname="everailabs.EverAIDashboard.UserManagementRoleTest" name="verifySearch" time="10.572"/>
  <testcase classname="everailabs.EverAIDashboard.UserManagementRoleTest" name="verifySearch" time="10.409"/>
  <testcase classname="everailabs.EverAIDashboard.UserManagementRoleTest" name="verifySearch" time="10.441"/>
  <testcase classname="everailabs.EverAIDashboard.UserManagementRoleTest" name="verifySearch" time="10.614"/>
  <testcase classname="everailabs.EverAIDashboard.LoginValidation" name="tc_001_VerifyLoginPageElements" time="0.0">
    <ignored/>
  </testcase> <!-- tc_001_VerifyLoginPageElements -->
  <testcase classname="everailabs.EverAIDashboard.LoginValidation" name="tc_002_verifyloginWithValidCreds" time="0.0">
    <ignored/>
  </testcase> <!-- tc_002_verifyloginWithValidCreds -->
  <testcase classname="everailabs.EverAIDashboard.UserManagementRoleTest" name="tc_002_verifyAddNewRole" time="0.0">
    <ignored/>
  </testcase> <!-- tc_002_verifyAddNewRole -->
  <testcase classname="everailabs.EverAIDashboard.UserManagementRoleTest" name="tc_003_ErroronExistingRole" time="0.0">
    <ignored/>
  </testcase> <!-- tc_003_ErroronExistingRole -->
  <testcase classname="everailabs.EverAIDashboard.UserManagementRoleTest" name="verifyColumnsELements" time="0.0">
    <ignored/>
  </testcase> <!-- verifyColumnsELements -->
  <testcase classname="everailabs.EverAIDashboard.UserManagementRoleTest" name="tc_001_verifyAddRoleFormElements" time="0.0">
    <ignored/>
  </testcase> <!-- tc_001_verifyAddRoleFormElements -->
  <testcase classname="everailabs.ReferenceClasses.BasicInitialization" name="@AfterSuite closeBrowser" time="0.0">
    <ignored/>
  </testcase> <!-- @AfterSuite closeBrowser -->
</testsuite> <!-- Login and Add New Role -->
