<?xml version="1.0" encoding="UTF-8"?>
<!-- Generated by org.testng.reporters.JUnitXMLReporter -->
<testsuite ignored="10" hostname="INDLPTC722KS3x" failures="2" tests="21" name="Test" time="245.485" errors="0" timestamp="2025-01-20T17:01:32 IST">
  <testcase classname="everailabs.EverAIDashboard.LoginValidation" name="tc_003_login" time="1.535"/>
  <testcase classname="everailabs.EverAIDashboard.UserManagementUsersTest" name="tc_003_verifySearchWithNameOrEmail" time="13.309"/>
  <testcase classname="everailabs.EverAIDashboard.UserManagementUsersTest" name="tc_003_verifySearchWithNameOrEmail" time="11.777"/>
  <testcase classname="everailabs.EverAIDashboard.UserManagementUsersTest" name="tc_003_verifySearchWithNameOrEmail" time="11.785"/>
  <testcase classname="everailabs.EverAIDashboard.UserManagementUsersTest" name="tc_003_verifySearchWithNameOrEmail" time="11.747"/>
  <testcase classname="everailabs.EverAIDashboard.UserManagementUsersTest" name="tc_003_verifySearchWithNameOrEmail" time="12.336"/>
  <testcase classname="everailabs.EverAIDashboard.UserManagementUsersTest" name="tc_003_verifySearchWithNameOrEmail" time="11.883"/>
  <testcase classname="everailabs.EverAIDashboard.UserManagementUsersTest" name="tc_003_verifySearchWithNameOrEmail" time="11.906"/>
  <testcase classname="everailabs.EverAIDashboard.UserManagementUsersTest" name="tc_003_verifySearchWithNameOrEmail" time="11.818"/>
  <testcase classname="everailabs.EverAIDashboard.UserManagementUsersTest" name="tc_003_verifySearchWithNameOrEmail" time="11.882"/>
  <testcase classname="everailabs.EverAIDashboard.UserManagementUsersTest" name="tc_003_verifySearchWithNameOrEmail" time="12.437"/>
  <testcase classname="everailabs.EverAIDashboard.UserManagementUsersTest" name="tc_003_verifySearchWithNameOrEmail" time="11.935">
    <failure type="java.lang.AssertionError" message="Row does not match search criteria: Gurpreet Singh  GURPREET    SINGH expected [true] but found [false]">
      <![CDATA[java.lang.AssertionError: Row does not match search criteria: Gurpreet Singh  GURPREET    SINGH expected [true] but found [false]
at everailabs.EverAIDashboard.UserManagementUsersTest.tc_003_verifySearchWithNameOrEmail(UserManagementUsersTest.java:43)
at java.base/java.util.ArrayList.forEach(ArrayList.java:1596)
... Removed 28 stack frames]]>
    </failure>
  </testcase> <!-- tc_003_verifySearchWithNameOrEmail -->
  <testcase classname="everailabs.EverAIDashboard.UserManagementUsersTest" name="tc_003_verifySearchWithNameOrEmail" time="11.852"/>
  <testcase classname="everailabs.EverAIDashboard.UserManagementUsersTest" name="tc_003_verifySearchWithNameOrEmail" time="11.804"/>
  <testcase classname="everailabs.EverAIDashboard.UserManagementUsersTest" name="tc_003_verifySearchWithNameOrEmail" time="11.788"/>
  <testcase classname="everailabs.EverAIDashboard.UserManagementUsersTest" name="tc_003_verifySearchWithNameOrEmail" time="11.823"/>
  <testcase classname="everailabs.EverAIDashboard.UserManagementUsersTest" name="tc_003_verifySearchWithNameOrEmail" time="10.287"/>
  <testcase classname="everailabs.EverAIDashboard.UserManagementUsersTest" name="tc_003_verifySearchWithNameOrEmail" time="11.843"/>
  <testcase classname="everailabs.EverAIDashboard.UserManagementUsersTest" name="tc_003_verifySearchWithNameOrEmail" time="11.826"/>
  <testcase classname="everailabs.EverAIDashboard.UserManagementUsersTest" name="tc_003_verifySearchWithNameOrEmail" time="11.848"/>
  <testcase classname="everailabs.EverAIDashboard.UserManagementUsersTest" name="tc_003_verifySearchWithNameOrEmail" time="12.418">
    <failure type="java.lang.AssertionError" message="Row does not match search criteria: Shivangi Test  SHIVANGIAG03 expected [true] but found [false]">
      <![CDATA[java.lang.AssertionError: Row does not match search criteria: Shivangi Test  SHIVANGIAG03 expected [true] but found [false]
at everailabs.EverAIDashboard.UserManagementUsersTest.tc_003_verifySearchWithNameOrEmail(UserManagementUsersTest.java:43)
at java.base/java.util.ArrayList.forEach(ArrayList.java:1596)
... Removed 28 stack frames]]>
    </failure>
  </testcase> <!-- tc_003_verifySearchWithNameOrEmail -->
  <testcase classname="everailabs.EverAIDashboard.LoginValidation" name="tc_002_verifyloginWithValidCreds" time="0.0">
    <ignored/>
  </testcase> <!-- tc_002_verifyloginWithValidCreds -->
  <testcase classname="everailabs.EverAIDashboard.UserManagementUsersTest" name="tc_002_verifyTableElements_ColumnName" time="0.0">
    <ignored/>
  </testcase> <!-- tc_002_verifyTableElements_ColumnName -->
  <testcase classname="everailabs.EverAIDashboard.LoginValidation" name="tc_001_VerifyLoginPageElements" time="0.0">
    <ignored/>
  </testcase> <!-- tc_001_VerifyLoginPageElements -->
  <testcase classname="everailabs.EverAIDashboard.UserManagementUsersTest" name="tc_001_verifyHeaderandNavigationMenuUIElements" time="0.0">
    <ignored/>
  </testcase> <!-- tc_001_verifyHeaderandNavigationMenuUIElements -->
  <testcase classname="everailabs.EverAIDashboard.UserManagementUsersTest" name="tc_006_ErrorValidationWithMissingMandatoryFields" time="0.0">
    <ignored/>
  </testcase> <!-- tc_006_ErrorValidationWithMissingMandatoryFields -->
  <testcase classname="everailabs.EverAIDashboard.UserManagementUsersTest" name="tc_005_verifyAddUserWithMandatoryFields" time="0.0">
    <ignored/>
  </testcase> <!-- tc_005_verifyAddUserWithMandatoryFields -->
  <testcase classname="everailabs.EverAIDashboard.UserManagementUsersTest" name="tc_004_verifyAddUserFormHeader" time="0.0">
    <ignored/>
  </testcase> <!-- tc_004_verifyAddUserFormHeader -->
  <testcase classname="everailabs.EverAIDashboard.UserManagementUsersTest" name="tc_007_verifyAddUserWithOptionalFields" time="0.0">
    <ignored/>
  </testcase> <!-- tc_007_verifyAddUserWithOptionalFields -->
  <testcase classname="everailabs.EverAIDashboard.UserManagementUsersTest" name="tc_008_edituserdetails" time="0.0">
    <ignored/>
  </testcase> <!-- tc_008_edituserdetails -->
  <testcase classname="everailabs.ReferenceClasses.BasicInitialization" name="@AfterSuite closeBrowser" time="0.0">
    <ignored/>
  </testcase> <!-- @AfterSuite closeBrowser -->
</testsuite> <!-- Test -->
