<?xml version="1.0" encoding="UTF-8"?>
<!-- Generated by org.testng.reporters.JUnitXMLReporter -->
<testsuite ignored="10" hostname="INDLPTC722KS3x" failures="1" tests="2" name="Users Dashboard Validation" time="9.426" errors="0" timestamp="2025-01-24T11:30:42 IST">
  <testcase classname="everailabs.EverAIDashboard.LoginValidation" name="tc_003_login" time="1.692"/>
  <testcase classname="everailabs.EverAIDashboard.UserManagementUsersTest" name="tc_005_verifyAddUserWithMandatoryFields" time="3.364">
    <failure type="java.lang.AssertionError" message="The final message does not match the expected message. expected [New User Added Successfully] but found [User with email &amp;apos;robert.brown@example.com&amp;apos; already exists]">
      <![CDATA[java.lang.AssertionError: The final message does not match the expected message. expected [New User Added Successfully] but found [User with email 'robert.brown@example.com' already exists]
at everailabs.EverAIDashboard.UserManagementUsersTest.tc_005_verifyAddUserWithMandatoryFields(UserManagementUsersTest.java:72)
at java.base/java.util.ArrayList.forEach(ArrayList.java:1596)
... Removed 30 stack frames]]>
    </failure>
  </testcase> <!-- tc_005_verifyAddUserWithMandatoryFields -->
  <testcase classname="everailabs.EverAIDashboard.UserManagementUsersTest" name="tc_008_edituserdetails" time="0.0">
    <ignored/>
  </testcase> <!-- tc_008_edituserdetails -->
  <testcase classname="everailabs.EverAIDashboard.UserManagementUsersTest" name="tc_004_verifyAddUserFormHeader" time="0.0">
    <ignored/>
  </testcase> <!-- tc_004_verifyAddUserFormHeader -->
  <testcase classname="everailabs.ReferenceClasses.BasicInitialization" name="@AfterSuite closeBrowser" time="0.0">
    <ignored/>
  </testcase> <!-- @AfterSuite closeBrowser -->
  <testcase classname="everailabs.EverAIDashboard.UserManagementUsersTest" name="tc_006_ErrorValidationWithMissingMandatoryFields" time="0.0">
    <ignored/>
  </testcase> <!-- tc_006_ErrorValidationWithMissingMandatoryFields -->
  <testcase classname="everailabs.EverAIDashboard.UserManagementUsersTest" name="tc_001_verifyHeaderandNavigationMenuUIElements" time="0.0">
    <ignored/>
  </testcase> <!-- tc_001_verifyHeaderandNavigationMenuUIElements -->
  <testcase classname="everailabs.EverAIDashboard.LoginValidation" name="tc_002_verifyloginWithValidCreds" time="0.0">
    <ignored/>
  </testcase> <!-- tc_002_verifyloginWithValidCreds -->
  <testcase classname="everailabs.EverAIDashboard.UserManagementUsersTest" name="tc_007_verifyAddUserWithOptionalFields" time="0.0">
    <ignored/>
  </testcase> <!-- tc_007_verifyAddUserWithOptionalFields -->
  <testcase classname="everailabs.EverAIDashboard.LoginValidation" name="tc_001_VerifyLoginPageElements" time="0.0">
    <ignored/>
  </testcase> <!-- tc_001_VerifyLoginPageElements -->
  <testcase classname="everailabs.EverAIDashboard.UserManagementUsersTest" name="tc_002_verifyTableElements_ColumnName" time="0.0">
    <ignored/>
  </testcase> <!-- tc_002_verifyTableElements_ColumnName -->
  <testcase classname="everailabs.EverAIDashboard.UserManagementUsersTest" name="tc_003_verifySearchWithNameOrEmail" time="0.0">
    <ignored/>
  </testcase> <!-- tc_003_verifySearchWithNameOrEmail -->
</testsuite> <!-- Users Dashboard Validation -->
