<?xml version="1.0" encoding="UTF-8"?>
<testng-results ignored="0" total="2" passed="1" failed="1" skipped="0">
  <reporter-output>
  </reporter-output>
  <suite started-at="2024-12-31T14:46:54 IST" name="Suite" finished-at="2024-12-31T14:47:33 IST" duration-ms="39008">
    <groups>
    </groups>
    <test started-at="2024-12-31T14:46:54 IST" name="Login and Add User" finished-at="2024-12-31T14:47:33 IST" duration-ms="39008">
      <class name="everailabs.EverAIDashboard.LoginValidation">
        <test-method is-config="true" signature="launchApp()[pri:0, instance:everailabs.EverAIDashboard.LoginValidation@13d73f29]" started-at="2024-12-31T14:46:54 IST" name="launchApp" finished-at="2024-12-31T14:47:00 IST" duration-ms="5641" status="PASS">
          <reporter-output>
          </reporter-output>
        </test-method> <!-- launchApp -->
        <test-method signature="tc_003_login(java.util.HashMap)[pri:0, instance:everailabs.EverAIDashboard.LoginValidation@13d73f29]" started-at="2024-12-31T14:47:00 IST" name="tc_003_login" data-provider="getData1" finished-at="2024-12-31T14:47:01 IST" duration-ms="1853" status="PASS">
          <params>
            <param index="0">
              <value>
                <![CDATA[{password=admin@123, useremail=maneeshsingh1@weareverise.com, username=Maneesh Singh}]]>
              </value>
            </param>
          </params>
          <reporter-output>
          </reporter-output>
        </test-method> <!-- tc_003_login -->
        <test-method is-config="true" signature="exit()[pri:0, instance:everailabs.EverAIDashboard.LoginValidation@13d73f29]" started-at="2024-12-31T14:47:01 IST" name="exit" finished-at="2024-12-31T14:47:01 IST" duration-ms="1" status="PASS">
          <reporter-output>
          </reporter-output>
        </test-method> <!-- exit -->
      </class> <!-- everailabs.EverAIDashboard.LoginValidation -->
      <class name="everailabs.EverAIDashboard.UserManagementTest">
        <test-method is-config="true" signature="launchApp()[pri:0, instance:everailabs.EverAIDashboard.UserManagementTest@a8ef162]" started-at="2024-12-31T14:47:01 IST" name="launchApp" finished-at="2024-12-31T14:47:01 IST" duration-ms="1" status="PASS">
          <reporter-output>
          </reporter-output>
        </test-method> <!-- launchApp -->
        <test-method signature="tc_004_verifyAddUserWithOptionalFields(java.util.HashMap)[pri:0, instance:everailabs.EverAIDashboard.UserManagementTest@a8ef162]" started-at="2024-12-31T14:47:01 IST" name="tc_004_verifyAddUserWithOptionalFields" data-provider="getUserDataOptional" finished-at="2024-12-31T14:47:32 IST" duration-ms="31062" status="FAIL">
          <params>
            <param index="0">
              <value>
                <![CDATA[{date=null, division=null, internalID=INT-123, firstname=Nalini, classID=CLS_001, externalID=EXT#567, email=nalini.shah@example.com, lastname=Shah, contactno=}]]>
              </value>
            </param>
          </params>
          <exception class="org.openqa.selenium.TimeoutException">
            <message>
              <![CDATA[Expected condition failed: waiting for visibility of all [] (tried for 10 second(s) with 500 milliseconds interval)
Build info: version: '4.27.0', revision: 'd6e718d134'
System info: os.name: 'Windows 10', os.arch: 'amd64', os.version: '10.0', java.version: '21.0.4'
Driver info: org.openqa.selenium.chrome.ChromeDriver
Capabilities {acceptInsecureCerts: false, browserName: chrome, browserVersion: 131.0.6778.205, chrome: {chromedriverVersion: 131.0.6778.204 (52183f9e99a..., userDataDir: C:\Users\Saket\AppData\Loca...}, fedcm:accounts: true, goog:chromeOptions: {debuggerAddress: localhost:61341}, networkConnectionEnabled: false, pageLoadStrategy: normal, platformName: windows, proxy: Proxy(), se:cdp: ws://localhost:61341/devtoo..., se:cdpVersion: 131.0.6778.205, setWindowRect: true, strictFileInteractability: false, timeouts: {implicit: 0, pageLoad: 300000, script: 30000}, unhandledPromptBehavior: dismiss and notify, webauthn:extension:credBlob: true, webauthn:extension:largeBlob: true, webauthn:extension:minPinLength: true, webauthn:extension:prf: true, webauthn:virtualAuthenticators: true}
Session ID: 7568aad1eefe26074a7e27efd32622e2]]>
            </message>
            <full-stacktrace>
              <![CDATA[org.openqa.selenium.TimeoutException: Expected condition failed: waiting for visibility of all [] (tried for 10 second(s) with 500 milliseconds interval)
Build info: version: '4.27.0', revision: 'd6e718d134'
System info: os.name: 'Windows 10', os.arch: 'amd64', os.version: '10.0', java.version: '21.0.4'
Driver info: org.openqa.selenium.chrome.ChromeDriver
Capabilities {acceptInsecureCerts: false, browserName: chrome, browserVersion: 131.0.6778.205, chrome: {chromedriverVersion: 131.0.6778.204 (52183f9e99a..., userDataDir: C:\Users\Saket\AppData\Loca...}, fedcm:accounts: true, goog:chromeOptions: {debuggerAddress: localhost:61341}, networkConnectionEnabled: false, pageLoadStrategy: normal, platformName: windows, proxy: Proxy(), se:cdp: ws://localhost:61341/devtoo..., se:cdpVersion: 131.0.6778.205, setWindowRect: true, strictFileInteractability: false, timeouts: {implicit: 0, pageLoad: 300000, script: 30000}, unhandledPromptBehavior: dismiss and notify, webauthn:extension:credBlob: true, webauthn:extension:largeBlob: true, webauthn:extension:minPinLength: true, webauthn:extension:prf: true, webauthn:virtualAuthenticators: true}
Session ID: 7568aad1eefe26074a7e27efd32622e2
at org.openqa.selenium.support.ui.WebDriverWait.timeoutException(WebDriverWait.java:84)
at org.openqa.selenium.support.ui.FluentWait.until(FluentWait.java:228)
at everailabs.Abstraction.AbstractMethodClass.WebElementListVisibleWait(AbstractMethodClass.java:26)
at everailabs.Locators.UM_UsersPageLocators.addUserWithOptionalFields(UM_UsersPageLocators.java:224)
at everailabs.EverAIDashboard.UserManagementTest.tc_004_verifyAddUserWithOptionalFields(UserManagementTest.java:51)
at java.base/jdk.internal.reflect.DirectMethodHandleAccessor.invoke(DirectMethodHandleAccessor.java:103)
at java.base/java.lang.reflect.Method.invoke(Method.java:580)
at org.testng.internal.invokers.MethodInvocationHelper.invokeMethod(MethodInvocationHelper.java:141)
at org.testng.internal.invokers.TestInvoker.invokeMethod(TestInvoker.java:686)
at org.testng.internal.invokers.TestInvoker.invokeTestMethod(TestInvoker.java:230)
at org.testng.internal.invokers.MethodRunner.runInSequence(MethodRunner.java:63)
at org.testng.internal.invokers.TestInvoker$MethodInvocationAgent.invoke(TestInvoker.java:992)
at org.testng.internal.invokers.TestInvoker.invokeTestMethods(TestInvoker.java:203)
at org.testng.internal.invokers.TestMethodWorker.invokeTestMethods(TestMethodWorker.java:154)
at org.testng.internal.invokers.TestMethodWorker.run(TestMethodWorker.java:134)
at java.base/java.util.ArrayList.forEach(ArrayList.java:1596)
at org.testng.TestRunner.privateRun(TestRunner.java:739)
at org.testng.TestRunner.run(TestRunner.java:614)
at org.testng.SuiteRunner.runTest(SuiteRunner.java:421)
at org.testng.SuiteRunner.runSequentially(SuiteRunner.java:413)
at org.testng.SuiteRunner.privateRun(SuiteRunner.java:373)
at org.testng.SuiteRunner.run(SuiteRunner.java:312)
at org.testng.SuiteRunnerWorker.runSuite(SuiteRunnerWorker.java:52)
at org.testng.SuiteRunnerWorker.run(SuiteRunnerWorker.java:95)
at org.testng.TestNG.runSuitesSequentially(TestNG.java:1274)
at org.testng.TestNG.runSuitesLocally(TestNG.java:1208)
at org.testng.TestNG.runSuites(TestNG.java:1112)
at org.testng.TestNG.run(TestNG.java:1079)
at org.testng.remote.AbstractRemoteTestNG.run(AbstractRemoteTestNG.java:115)
at org.testng.remote.RemoteTestNG.initAndRun(RemoteTestNG.java:293)
at org.testng.remote.RemoteTestNG.main(RemoteTestNG.java:91)
]]>
            </full-stacktrace>
          </exception> <!-- org.openqa.selenium.TimeoutException -->
          <reporter-output>
          </reporter-output>
        </test-method> <!-- tc_004_verifyAddUserWithOptionalFields -->
        <test-method is-config="true" signature="exit()[pri:0, instance:everailabs.EverAIDashboard.UserManagementTest@a8ef162]" started-at="2024-12-31T14:47:33 IST" name="exit" finished-at="2024-12-31T14:47:33 IST" duration-ms="0" status="PASS">
          <reporter-output>
          </reporter-output>
        </test-method> <!-- exit -->
      </class> <!-- everailabs.EverAIDashboard.UserManagementTest -->
    </test> <!-- Login and Add User -->
  </suite> <!-- Suite -->
</testng-results>
